<?xml version="1.0" encoding="UTF-8"?>
<!-- Generated by org.testng.reporters.JUnitXMLReporter -->
<testsuite hostname="DESKTOP-TUM767L" ignored="0" name="ChromeTestCases" tests="6" failures="1" timestamp="17 Nov 2019 22:33:22 GMT" time="335.34" errors="0">
  <testcase name="registrationTestCase2" time="12.556" classname="com.romanceabroad.ui.RegistrationTests"/>
  <testcase name="registrationTestCase2" time="17.703" classname="com.romanceabroad.ui.RegistrationTests"/>
  <testcase name="registrationTestCase2" time="23.111" classname="com.romanceabroad.ui.RegistrationTests">
    <failure type="org.openqa.selenium.TimeoutException" message="Expected condition failed: waiting for element to be clickable: [[ChromeDriver: chrome on XP (247808b924e77b55110ecf105432c696)] -&amp;gt; xpath: //div[@class=&amp;apos;col-xs-12&amp;apos;]//button[@class=&amp;apos;btn btn-primary btn-block btn-lg&amp;apos;][contains(text(),&amp;apos;Next&amp;apos;)] ] (tried for 20 second(s) with 500 milliseconds interval)
Build info: version: &amp;apos;3.141.59&amp;apos;, revision: &amp;apos;e82be7d358&amp;apos;, time: &amp;apos;2018-11-14T08:17:03&amp;apos;
System info: host: &amp;apos;DESKTOP-TUM767L&amp;apos;, ip: &amp;apos;192.168.1.23&amp;apos;, os.name: &amp;apos;Windows 10&amp;apos;, os.arch: &amp;apos;amd64&amp;apos;, os.version: &amp;apos;10.0&amp;apos;, java.version: &amp;apos;1.8.0_191&amp;apos;
Driver info: org.openqa.selenium.chrome.ChromeDriver
Capabilities {acceptInsecureCerts: false, browserName: chrome, browserVersion: 78.0.3904.97, chrome: {chromedriverVersion: 77.0.3865.40 (f484704e052e0..., userDataDir: C:\Users\OJWIND~1\AppData\L...}, goog:chromeOptions: {debuggerAddress: localhost:50038}, javascriptEnabled: true, networkConnectionEnabled: false, pageLoadStrategy: normal, platform: XP, platformName: XP, proxy: Proxy(), setWindowRect: true, strictFileInteractability: false, timeouts: {implicit: 0, pageLoad: 300000, script: 30000}, unhandledPromptBehavior: dismiss and notify}
Session ID: 247808b924e77b55110ecf105432c696">
      <![CDATA[org.openqa.selenium.TimeoutException: Expected condition failed: waiting for element to be clickable: [[ChromeDriver: chrome on XP (247808b924e77b55110ecf105432c696)] -> xpath: //div[@class='col-xs-12']//button[@class='btn btn-primary btn-block btn-lg'][contains(text(),'Next')] ] (tried for 20 second(s) with 500 milliseconds interval)
Build info: version: '3.141.59', revision: 'e82be7d358', time: '2018-11-14T08:17:03'
System info: host: 'DESKTOP-TUM767L', ip: '192.168.1.23', os.name: 'Windows 10', os.arch: 'amd64', os.version: '10.0', java.version: '1.8.0_191'
Driver info: org.openqa.selenium.chrome.ChromeDriver
Capabilities {acceptInsecureCerts: false, browserName: chrome, browserVersion: 78.0.3904.97, chrome: {chromedriverVersion: 77.0.3865.40 (f484704e052e0..., userDataDir: C:\Users\OJWIND~1\AppData\L...}, goog:chromeOptions: {debuggerAddress: localhost:50038}, javascriptEnabled: true, networkConnectionEnabled: false, pageLoadStrategy: normal, platform: XP, platformName: XP, proxy: Proxy(), setWindowRect: true, strictFileInteractability: false, timeouts: {implicit: 0, pageLoad: 300000, script: 30000}, unhandledPromptBehavior: dismiss and notify}
Session ID: 247808b924e77b55110ecf105432c696
at org.openqa.selenium.support.ui.WebDriverWait.timeoutException(WebDriverWait.java:95)
at org.openqa.selenium.support.ui.FluentWait.until(FluentWait.java:272)
at com.romanceabroad.ui.RegistartionPage.clickNextButton(RegistartionPage.java:22)
at com.romanceabroad.ui.RegistrationTests.registrationTestCase2(RegistrationTests.java:18)
at java.util.concurrent.FutureTask.run(FutureTask.java:266)
at java.util.concurrent.ThreadPoolExecutor.runWorker(ThreadPoolExecutor.java:1149)
at java.util.concurrent.ThreadPoolExecutor$Worker.run(ThreadPoolExecutor.java:624)
at java.lang.Thread.run(Thread.java:748)
... Removed 16 stack frames]]>
    </failure>
  </testcase> <!-- registrationTestCase2 -->
  <testcase name="registrationTestCase9" time="23.323" classname="com.romanceabroad.ui.RegistrationTests"/>
  <testcase name="registrationTestCase9" time="26.973" classname="com.romanceabroad.ui.RegistrationTests"/>
  <testcase name="registrationTestCase9" time="25.823" classname="com.romanceabroad.ui.RegistrationTests"/>
</testsuite> <!-- ChromeTestCases -->
