<?xml version="1.0" encoding="UTF-8"?>
<testng-results skipped="0" failed="2" ignored="0" total="12" passed="10">
  <reporter-output>
  </reporter-output>
  <suite name="TestSuite" duration-ms="545674" started-at="2019-11-17T22:27:45Z" finished-at="2019-11-17T22:36:51Z">
    <groups>
    </groups>
    <test name="ChromeTestCases" duration-ms="335340" started-at="2019-11-17T22:27:45Z" finished-at="2019-11-17T22:33:21Z">
      <class name="com.romanceabroad.ui.RegistrationTests">
        <test-method status="PASS" signature="setup(java.lang.String, java.lang.reflect.Method)[pri:0, instance:com.romanceabroad.ui.RegistrationTests@6a5fc7f7]" name="setup" is-config="true" duration-ms="34297" started-at="2019-11-17T22:27:46Z" finished-at="2019-11-17T22:28:20Z">
          <params>
            <param index="0">
              <value>
                <![CDATA[chrome]]>
              </value>
            </param>
            <param index="1">
              <value>
                <![CDATA[public void com.romanceabroad.ui.RegistrationTests.registrationTestCase2(java.lang.String,java.lang.String,boolean)]]>
              </value>
            </param>
          </params>
          <reporter-output>
          </reporter-output>
        </test-method> <!-- setup -->
        <test-method status="PASS" signature="registrationTestCase2(java.lang.String, java.lang.String, boolean)[pri:0, instance:com.romanceabroad.ui.RegistrationTests@6a5fc7f7]" name="registrationTestCase2" duration-ms="12556" started-at="2019-11-17T22:28:20Z" data-provider="Registration2" finished-at="2019-11-17T22:28:32Z">
          <params>
            <param index="0">
              <value>
                <![CDATA[fake@gmail.com]]>
              </value>
            </param>
            <param index="1">
              <value>
                <![CDATA[Nick87989]]>
              </value>
            </param>
            <param index="2">
              <value>
                <![CDATA[true]]>
              </value>
            </param>
          </params>
          <reporter-output>
          </reporter-output>
        </test-method> <!-- registrationTestCase2 -->
        <test-method status="PASS" signature="setup(java.lang.String, java.lang.reflect.Method)[pri:0, instance:com.romanceabroad.ui.RegistrationTests@6a5fc7f7]" name="setup" is-config="true" duration-ms="26398" started-at="2019-11-17T22:28:32Z" finished-at="2019-11-17T22:28:59Z">
          <params>
            <param index="0">
              <value>
                <![CDATA[chrome]]>
              </value>
            </param>
            <param index="1">
              <value>
                <![CDATA[public void com.romanceabroad.ui.RegistrationTests.registrationTestCase2(java.lang.String,java.lang.String,boolean)]]>
              </value>
            </param>
          </params>
          <reporter-output>
          </reporter-output>
        </test-method> <!-- setup -->
        <test-method status="PASS" signature="registrationTestCase2(java.lang.String, java.lang.String, boolean)[pri:0, instance:com.romanceabroad.ui.RegistrationTests@6a5fc7f7]" name="registrationTestCase2" duration-ms="17703" started-at="2019-11-17T22:28:59Z" data-provider="Registration2" finished-at="2019-11-17T22:29:17Z">
          <params>
            <param index="0">
              <value>
                <![CDATA[fa456ke@mail.ru]]>
              </value>
            </param>
            <param index="1">
              <value>
                <![CDATA[Nick87989]]>
              </value>
            </param>
            <param index="2">
              <value>
                <![CDATA[true]]>
              </value>
            </param>
          </params>
          <reporter-output>
          </reporter-output>
        </test-method> <!-- registrationTestCase2 -->
        <test-method status="PASS" signature="setup(java.lang.String, java.lang.reflect.Method)[pri:0, instance:com.romanceabroad.ui.RegistrationTests@6a5fc7f7]" name="setup" is-config="true" duration-ms="35741" started-at="2019-11-17T22:29:17Z" finished-at="2019-11-17T22:29:52Z">
          <params>
            <param index="0">
              <value>
                <![CDATA[chrome]]>
              </value>
            </param>
            <param index="1">
              <value>
                <![CDATA[public void com.romanceabroad.ui.RegistrationTests.registrationTestCase2(java.lang.String,java.lang.String,boolean)]]>
              </value>
            </param>
          </params>
          <reporter-output>
          </reporter-output>
        </test-method> <!-- setup -->
        <test-method status="FAIL" signature="registrationTestCase2(java.lang.String, java.lang.String, boolean)[pri:0, instance:com.romanceabroad.ui.RegistrationTests@6a5fc7f7]" name="registrationTestCase2" duration-ms="23111" started-at="2019-11-17T22:29:52Z" data-provider="Registration2" finished-at="2019-11-17T22:30:15Z">
          <params>
            <param index="0">
              <value>
                <![CDATA[fake6878inbox.com]]>
              </value>
            </param>
            <param index="1">
              <value>
                <![CDATA[Nick87989]]>
              </value>
            </param>
            <param index="2">
              <value>
                <![CDATA[true]]>
              </value>
            </param>
          </params>
          <exception class="org.openqa.selenium.TimeoutException">
            <message>
              <![CDATA[Expected condition failed: waiting for element to be clickable: [[ChromeDriver: chrome on XP (247808b924e77b55110ecf105432c696)] -> xpath: //div[@class='col-xs-12']//button[@class='btn btn-primary btn-block btn-lg'][contains(text(),'Next')] ] (tried for 20 second(s) with 500 milliseconds interval)
Build info: version: '3.141.59', revision: 'e82be7d358', time: '2018-11-14T08:17:03'
System info: host: 'DESKTOP-TUM767L', ip: '192.168.1.23', os.name: 'Windows 10', os.arch: 'amd64', os.version: '10.0', java.version: '1.8.0_191'
Driver info: org.openqa.selenium.chrome.ChromeDriver
Capabilities {acceptInsecureCerts: false, browserName: chrome, browserVersion: 78.0.3904.97, chrome: {chromedriverVersion: 77.0.3865.40 (f484704e052e0..., userDataDir: C:\Users\OJWIND~1\AppData\L...}, goog:chromeOptions: {debuggerAddress: localhost:50038}, javascriptEnabled: true, networkConnectionEnabled: false, pageLoadStrategy: normal, platform: XP, platformName: XP, proxy: Proxy(), setWindowRect: true, strictFileInteractability: false, timeouts: {implicit: 0, pageLoad: 300000, script: 30000}, unhandledPromptBehavior: dismiss and notify}
Session ID: 247808b924e77b55110ecf105432c696]]>
            </message>
            <full-stacktrace>
              <![CDATA[org.openqa.selenium.TimeoutException: Expected condition failed: waiting for element to be clickable: [[ChromeDriver: chrome on XP (247808b924e77b55110ecf105432c696)] -> xpath: //div[@class='col-xs-12']//button[@class='btn btn-primary btn-block btn-lg'][contains(text(),'Next')] ] (tried for 20 second(s) with 500 milliseconds interval)
Build info: version: '3.141.59', revision: 'e82be7d358', time: '2018-11-14T08:17:03'
System info: host: 'DESKTOP-TUM767L', ip: '192.168.1.23', os.name: 'Windows 10', os.arch: 'amd64', os.version: '10.0', java.version: '1.8.0_191'
Driver info: org.openqa.selenium.chrome.ChromeDriver
Capabilities {acceptInsecureCerts: false, browserName: chrome, browserVersion: 78.0.3904.97, chrome: {chromedriverVersion: 77.0.3865.40 (f484704e052e0..., userDataDir: C:\Users\OJWIND~1\AppData\L...}, goog:chromeOptions: {debuggerAddress: localhost:50038}, javascriptEnabled: true, networkConnectionEnabled: false, pageLoadStrategy: normal, platform: XP, platformName: XP, proxy: Proxy(), setWindowRect: true, strictFileInteractability: false, timeouts: {implicit: 0, pageLoad: 300000, script: 30000}, unhandledPromptBehavior: dismiss and notify}
Session ID: 247808b924e77b55110ecf105432c696
at org.openqa.selenium.support.ui.WebDriverWait.timeoutException(WebDriverWait.java:95)
at org.openqa.selenium.support.ui.FluentWait.until(FluentWait.java:272)
at com.romanceabroad.ui.RegistartionPage.clickNextButton(RegistartionPage.java:22)
at com.romanceabroad.ui.RegistrationTests.registrationTestCase2(RegistrationTests.java:18)
at sun.reflect.NativeMethodAccessorImpl.invoke0(Native Method)
at sun.reflect.NativeMethodAccessorImpl.invoke(NativeMethodAccessorImpl.java:62)
at sun.reflect.DelegatingMethodAccessorImpl.invoke(DelegatingMethodAccessorImpl.java:43)
at java.lang.reflect.Method.invoke(Method.java:498)
at org.testng.internal.MethodInvocationHelper.invokeMethod(MethodInvocationHelper.java:124)
at org.testng.internal.Invoker.invokeMethod(Invoker.java:583)
at org.testng.internal.Invoker.invokeTestMethod(Invoker.java:719)
at org.testng.internal.Invoker.invokeTestMethods(Invoker.java:989)
at org.testng.internal.TestMethodWorker.invokeTestMethods(TestMethodWorker.java:125)
at org.testng.internal.TestMethodWorker.run(TestMethodWorker.java:109)
at org.testng.TestRunner.privateRun(TestRunner.java:648)
at org.testng.TestRunner.run(TestRunner.java:505)
at org.testng.SuiteRunner.runTest(SuiteRunner.java:455)
at org.testng.SuiteRunner.access$000(SuiteRunner.java:40)
at org.testng.SuiteRunner$SuiteWorker.run(SuiteRunner.java:489)
at org.testng.internal.thread.ThreadUtil$1.call(ThreadUtil.java:52)
at java.util.concurrent.FutureTask.run(FutureTask.java:266)
at java.util.concurrent.ThreadPoolExecutor.runWorker(ThreadPoolExecutor.java:1149)
at java.util.concurrent.ThreadPoolExecutor$Worker.run(ThreadPoolExecutor.java:624)
at java.lang.Thread.run(Thread.java:748)
]]>
            </full-stacktrace>
          </exception> <!-- org.openqa.selenium.TimeoutException -->
          <reporter-output>
          </reporter-output>
        </test-method> <!-- registrationTestCase2 -->
        <test-method status="PASS" signature="setup(java.lang.String, java.lang.reflect.Method)[pri:0, instance:com.romanceabroad.ui.RegistrationTests@6a5fc7f7]" name="setup" is-config="true" duration-ms="26901" started-at="2019-11-17T22:30:16Z" finished-at="2019-11-17T22:30:43Z">
          <params>
            <param index="0">
              <value>
                <![CDATA[chrome]]>
              </value>
            </param>
            <param index="1">
              <value>
                <![CDATA[public void com.romanceabroad.ui.RegistrationTests.registrationTestCase9(java.lang.String,java.lang.String,java.lang.String,java.lang.String,java.lang.String,java.lang.String)]]>
              </value>
            </param>
          </params>
          <reporter-output>
          </reporter-output>
        </test-method> <!-- setup -->
        <test-method status="PASS" signature="registrationTestCase9(java.lang.String, java.lang.String, java.lang.String, java.lang.String, java.lang.String, java.lang.String)[pri:0, instance:com.romanceabroad.ui.RegistrationTests@6a5fc7f7]" name="registrationTestCase9" duration-ms="23323" started-at="2019-11-17T22:30:43Z" data-provider="Registration1" finished-at="2019-11-17T22:31:06Z">
          <params>
            <param index="0">
              <value>
                <![CDATA[fak1e@fakeemail.com]]>
              </value>
            </param>
            <param index="1">
              <value>
                <![CDATA[25021988D]]>
              </value>
            </param>
            <param index="2">
              <value>
                <![CDATA[25]]>
              </value>
            </param>
            <param index="3">
              <value>
                <![CDATA[February]]>
              </value>
            </param>
            <param index="4">
              <value>
                <![CDATA[1988]]>
              </value>
            </param>
            <param index="5">
              <value>
                <![CDATA[7070898]]>
              </value>
            </param>
          </params>
          <reporter-output>
          </reporter-output>
        </test-method> <!-- registrationTestCase9 -->
        <test-method status="PASS" signature="setup(java.lang.String, java.lang.reflect.Method)[pri:0, instance:com.romanceabroad.ui.RegistrationTests@6a5fc7f7]" name="setup" is-config="true" duration-ms="45848" started-at="2019-11-17T22:31:06Z" finished-at="2019-11-17T22:31:52Z">
          <params>
            <param index="0">
              <value>
                <![CDATA[chrome]]>
              </value>
            </param>
            <param index="1">
              <value>
                <![CDATA[public void com.romanceabroad.ui.RegistrationTests.registrationTestCase9(java.lang.String,java.lang.String,java.lang.String,java.lang.String,java.lang.String,java.lang.String)]]>
              </value>
            </param>
          </params>
          <reporter-output>
          </reporter-output>
        </test-method> <!-- setup -->
        <test-method status="PASS" signature="registrationTestCase9(java.lang.String, java.lang.String, java.lang.String, java.lang.String, java.lang.String, java.lang.String)[pri:0, instance:com.romanceabroad.ui.RegistrationTests@6a5fc7f7]" name="registrationTestCase9" duration-ms="26973" started-at="2019-11-17T22:31:52Z" data-provider="Registration1" finished-at="2019-11-17T22:32:19Z">
          <params>
            <param index="0">
              <value>
                <![CDATA[oktest@gmail.com]]>
              </value>
            </param>
            <param index="1">
              <value>
                <![CDATA[3603678K]]>
              </value>
            </param>
            <param index="2">
              <value>
                <![CDATA[16]]>
              </value>
            </param>
            <param index="3">
              <value>
                <![CDATA[May]]>
              </value>
            </param>
            <param index="4">
              <value>
                <![CDATA[2001]]>
              </value>
            </param>
            <param index="5">
              <value>
                <![CDATA[8756843759]]>
              </value>
            </param>
          </params>
          <reporter-output>
          </reporter-output>
        </test-method> <!-- registrationTestCase9 -->
        <test-method status="PASS" signature="setup(java.lang.String, java.lang.reflect.Method)[pri:0, instance:com.romanceabroad.ui.RegistrationTests@6a5fc7f7]" name="setup" is-config="true" duration-ms="36050" started-at="2019-11-17T22:32:19Z" finished-at="2019-11-17T22:32:55Z">
          <params>
            <param index="0">
              <value>
                <![CDATA[chrome]]>
              </value>
            </param>
            <param index="1">
              <value>
                <![CDATA[public void com.romanceabroad.ui.RegistrationTests.registrationTestCase9(java.lang.String,java.lang.String,java.lang.String,java.lang.String,java.lang.String,java.lang.String)]]>
              </value>
            </param>
          </params>
          <reporter-output>
          </reporter-output>
        </test-method> <!-- setup -->
        <test-method status="PASS" signature="registrationTestCase9(java.lang.String, java.lang.String, java.lang.String, java.lang.String, java.lang.String, java.lang.String)[pri:0, instance:com.romanceabroad.ui.RegistrationTests@6a5fc7f7]" name="registrationTestCase9" duration-ms="25823" started-at="2019-11-17T22:32:55Z" data-provider="Registration1" finished-at="2019-11-17T22:33:21Z">
          <params>
            <param index="0">
              <value>
                <![CDATA[test6@gmail.com]]>
              </value>
            </param>
            <param index="1">
              <value>
                <![CDATA[785648090i]]>
              </value>
            </param>
            <param index="2">
              <value>
                <![CDATA[19]]>
              </value>
            </param>
            <param index="3">
              <value>
                <![CDATA[March]]>
              </value>
            </param>
            <param index="4">
              <value>
                <![CDATA[1965]]>
              </value>
            </param>
            <param index="5">
              <value>
                <![CDATA[78754985]]>
              </value>
            </param>
          </params>
          <reporter-output>
          </reporter-output>
        </test-method> <!-- registrationTestCase9 -->
      </class> <!-- com.romanceabroad.ui.RegistrationTests -->
    </test> <!-- ChromeTestCases -->
    <test name="IETestCases" duration-ms="545674" started-at="2019-11-17T22:27:45Z" finished-at="2019-11-17T22:36:51Z">
      <class name="com.romanceabroad.ui.RegistrationTests">
        <test-method status="PASS" signature="setup(java.lang.String, java.lang.reflect.Method)[pri:0, instance:com.romanceabroad.ui.RegistrationTests@7e0babb1]" name="setup" is-config="true" duration-ms="25461" started-at="2019-11-17T22:27:46Z" finished-at="2019-11-17T22:28:11Z">
          <params>
            <param index="0">
              <value>
                <![CDATA[ie]]>
              </value>
            </param>
            <param index="1">
              <value>
                <![CDATA[public void com.romanceabroad.ui.RegistrationTests.registrationTestCase2(java.lang.String,java.lang.String,boolean)]]>
              </value>
            </param>
          </params>
          <reporter-output>
          </reporter-output>
        </test-method> <!-- setup -->
        <test-method status="PASS" signature="registrationTestCase2(java.lang.String, java.lang.String, boolean)[pri:0, instance:com.romanceabroad.ui.RegistrationTests@7e0babb1]" name="registrationTestCase2" duration-ms="56038" started-at="2019-11-17T22:28:11Z" data-provider="Registration2" finished-at="2019-11-17T22:29:07Z">
          <params>
            <param index="0">
              <value>
                <![CDATA[fake@gmail.com]]>
              </value>
            </param>
            <param index="1">
              <value>
                <![CDATA[Nick87989]]>
              </value>
            </param>
            <param index="2">
              <value>
                <![CDATA[true]]>
              </value>
            </param>
          </params>
          <reporter-output>
          </reporter-output>
        </test-method> <!-- registrationTestCase2 -->
        <test-method status="PASS" signature="setup(java.lang.String, java.lang.reflect.Method)[pri:0, instance:com.romanceabroad.ui.RegistrationTests@7e0babb1]" name="setup" is-config="true" duration-ms="23142" started-at="2019-11-17T22:29:07Z" finished-at="2019-11-17T22:29:30Z">
          <params>
            <param index="0">
              <value>
                <![CDATA[ie]]>
              </value>
            </param>
            <param index="1">
              <value>
                <![CDATA[public void com.romanceabroad.ui.RegistrationTests.registrationTestCase2(java.lang.String,java.lang.String,boolean)]]>
              </value>
            </param>
          </params>
          <reporter-output>
          </reporter-output>
        </test-method> <!-- setup -->
        <test-method status="PASS" signature="registrationTestCase2(java.lang.String, java.lang.String, boolean)[pri:0, instance:com.romanceabroad.ui.RegistrationTests@7e0babb1]" name="registrationTestCase2" duration-ms="65143" started-at="2019-11-17T22:29:30Z" data-provider="Registration2" finished-at="2019-11-17T22:30:35Z">
          <params>
            <param index="0">
              <value>
                <![CDATA[fa456ke@mail.ru]]>
              </value>
            </param>
            <param index="1">
              <value>
                <![CDATA[Nick87989]]>
              </value>
            </param>
            <param index="2">
              <value>
                <![CDATA[true]]>
              </value>
            </param>
          </params>
          <reporter-output>
          </reporter-output>
        </test-method> <!-- registrationTestCase2 -->
        <test-method status="PASS" signature="setup(java.lang.String, java.lang.reflect.Method)[pri:0, instance:com.romanceabroad.ui.RegistrationTests@7e0babb1]" name="setup" is-config="true" duration-ms="19455" started-at="2019-11-17T22:30:35Z" finished-at="2019-11-17T22:30:55Z">
          <params>
            <param index="0">
              <value>
                <![CDATA[ie]]>
              </value>
            </param>
            <param index="1">
              <value>
                <![CDATA[public void com.romanceabroad.ui.RegistrationTests.registrationTestCase2(java.lang.String,java.lang.String,boolean)]]>
              </value>
            </param>
          </params>
          <reporter-output>
          </reporter-output>
        </test-method> <!-- setup -->
        <test-method status="FAIL" signature="registrationTestCase2(java.lang.String, java.lang.String, boolean)[pri:0, instance:com.romanceabroad.ui.RegistrationTests@7e0babb1]" name="registrationTestCase2" duration-ms="32190" started-at="2019-11-17T22:30:55Z" data-provider="Registration2" finished-at="2019-11-17T22:31:27Z">
          <params>
            <param index="0">
              <value>
                <![CDATA[fake6878inbox.com]]>
              </value>
            </param>
            <param index="1">
              <value>
                <![CDATA[Nick87989]]>
              </value>
            </param>
            <param index="2">
              <value>
                <![CDATA[true]]>
              </value>
            </param>
          </params>
          <exception class="org.openqa.selenium.TimeoutException">
            <message>
              <![CDATA[Expected condition failed: waiting for element to be clickable: [[InternetExplorerDriver: internet explorer on WINDOWS (6baf6021-d52f-4c1f-bc3c-c6ed9111d153)] -> xpath: //div[@class='col-xs-12']//button[@class='btn btn-primary btn-block btn-lg'][contains(text(),'Next')] ] (tried for 20 second(s) with 500 milliseconds interval)
Build info: version: '3.141.59', revision: 'e82be7d358', time: '2018-11-14T08:17:03'
System info: host: 'DESKTOP-TUM767L', ip: '192.168.1.23', os.name: 'Windows 10', os.arch: 'amd64', os.version: '10.0', java.version: '1.8.0_191'
Driver info: org.openqa.selenium.ie.InternetExplorerDriver
Capabilities {acceptInsecureCerts: false, browserName: internet explorer, browserVersion: 11, javascriptEnabled: true, pageLoadStrategy: normal, platform: WINDOWS, platformName: WINDOWS, proxy: Proxy(), se:ieOptions: {browserAttachTimeout: 0, elementScrollBehavior: 0, enablePersistentHover: true, ie.browserCommandLineSwitches: , ie.ensureCleanSession: false, ie.fileUploadDialogTimeout: 3000, ie.forceCreateProcessApi: false, ignoreProtectedModeSettings: false, ignoreZoomSetting: false, initialBrowserUrl: http://localhost:34213/, nativeEvents: true, requireWindowFocus: false}, setWindowRect: true, timeouts: {implicit: 0, pageLoad: 300000, script: 30000}}
Session ID: 6baf6021-d52f-4c1f-bc3c-c6ed9111d153]]>
            </message>
            <full-stacktrace>
              <![CDATA[org.openqa.selenium.TimeoutException: Expected condition failed: waiting for element to be clickable: [[InternetExplorerDriver: internet explorer on WINDOWS (6baf6021-d52f-4c1f-bc3c-c6ed9111d153)] -> xpath: //div[@class='col-xs-12']//button[@class='btn btn-primary btn-block btn-lg'][contains(text(),'Next')] ] (tried for 20 second(s) with 500 milliseconds interval)
Build info: version: '3.141.59', revision: 'e82be7d358', time: '2018-11-14T08:17:03'
System info: host: 'DESKTOP-TUM767L', ip: '192.168.1.23', os.name: 'Windows 10', os.arch: 'amd64', os.version: '10.0', java.version: '1.8.0_191'
Driver info: org.openqa.selenium.ie.InternetExplorerDriver
Capabilities {acceptInsecureCerts: false, browserName: internet explorer, browserVersion: 11, javascriptEnabled: true, pageLoadStrategy: normal, platform: WINDOWS, platformName: WINDOWS, proxy: Proxy(), se:ieOptions: {browserAttachTimeout: 0, elementScrollBehavior: 0, enablePersistentHover: true, ie.browserCommandLineSwitches: , ie.ensureCleanSession: false, ie.fileUploadDialogTimeout: 3000, ie.forceCreateProcessApi: false, ignoreProtectedModeSettings: false, ignoreZoomSetting: false, initialBrowserUrl: http://localhost:34213/, nativeEvents: true, requireWindowFocus: false}, setWindowRect: true, timeouts: {implicit: 0, pageLoad: 300000, script: 30000}}
Session ID: 6baf6021-d52f-4c1f-bc3c-c6ed9111d153
at org.openqa.selenium.support.ui.WebDriverWait.timeoutException(WebDriverWait.java:95)
at org.openqa.selenium.support.ui.FluentWait.until(FluentWait.java:272)
at com.romanceabroad.ui.RegistartionPage.clickNextButton(RegistartionPage.java:22)
at com.romanceabroad.ui.RegistrationTests.registrationTestCase2(RegistrationTests.java:18)
at sun.reflect.NativeMethodAccessorImpl.invoke0(Native Method)
at sun.reflect.NativeMethodAccessorImpl.invoke(NativeMethodAccessorImpl.java:62)
at sun.reflect.DelegatingMethodAccessorImpl.invoke(DelegatingMethodAccessorImpl.java:43)
at java.lang.reflect.Method.invoke(Method.java:498)
at org.testng.internal.MethodInvocationHelper.invokeMethod(MethodInvocationHelper.java:124)
at org.testng.internal.Invoker.invokeMethod(Invoker.java:583)
at org.testng.internal.Invoker.invokeTestMethod(Invoker.java:719)
at org.testng.internal.Invoker.invokeTestMethods(Invoker.java:989)
at org.testng.internal.TestMethodWorker.invokeTestMethods(TestMethodWorker.java:125)
at org.testng.internal.TestMethodWorker.run(TestMethodWorker.java:109)
at org.testng.TestRunner.privateRun(TestRunner.java:648)
at org.testng.TestRunner.run(TestRunner.java:505)
at org.testng.SuiteRunner.runTest(SuiteRunner.java:455)
at org.testng.SuiteRunner.access$000(SuiteRunner.java:40)
at org.testng.SuiteRunner$SuiteWorker.run(SuiteRunner.java:489)
at org.testng.internal.thread.ThreadUtil$1.call(ThreadUtil.java:52)
at java.util.concurrent.FutureTask.run(FutureTask.java:266)
at java.util.concurrent.ThreadPoolExecutor.runWorker(ThreadPoolExecutor.java:1149)
at java.util.concurrent.ThreadPoolExecutor$Worker.run(ThreadPoolExecutor.java:624)
at java.lang.Thread.run(Thread.java:748)
]]>
            </full-stacktrace>
          </exception> <!-- org.openqa.selenium.TimeoutException -->
          <reporter-output>
          </reporter-output>
        </test-method> <!-- registrationTestCase2 -->
        <test-method status="PASS" signature="setup(java.lang.String, java.lang.reflect.Method)[pri:0, instance:com.romanceabroad.ui.RegistrationTests@7e0babb1]" name="setup" is-config="true" duration-ms="37567" started-at="2019-11-17T22:31:27Z" finished-at="2019-11-17T22:32:05Z">
          <params>
            <param index="0">
              <value>
                <![CDATA[ie]]>
              </value>
            </param>
            <param index="1">
              <value>
                <![CDATA[public void com.romanceabroad.ui.RegistrationTests.registrationTestCase9(java.lang.String,java.lang.String,java.lang.String,java.lang.String,java.lang.String,java.lang.String)]]>
              </value>
            </param>
          </params>
          <reporter-output>
          </reporter-output>
        </test-method> <!-- setup -->
        <test-method status="PASS" signature="registrationTestCase9(java.lang.String, java.lang.String, java.lang.String, java.lang.String, java.lang.String, java.lang.String)[pri:0, instance:com.romanceabroad.ui.RegistrationTests@7e0babb1]" name="registrationTestCase9" duration-ms="98267" started-at="2019-11-17T22:32:05Z" data-provider="Registration1" finished-at="2019-11-17T22:33:43Z">
          <params>
            <param index="0">
              <value>
                <![CDATA[fak1e@fakeemail.com]]>
              </value>
            </param>
            <param index="1">
              <value>
                <![CDATA[25021988D]]>
              </value>
            </param>
            <param index="2">
              <value>
                <![CDATA[25]]>
              </value>
            </param>
            <param index="3">
              <value>
                <![CDATA[February]]>
              </value>
            </param>
            <param index="4">
              <value>
                <![CDATA[1988]]>
              </value>
            </param>
            <param index="5">
              <value>
                <![CDATA[7070898]]>
              </value>
            </param>
          </params>
          <reporter-output>
          </reporter-output>
        </test-method> <!-- registrationTestCase9 -->
        <test-method status="PASS" signature="setup(java.lang.String, java.lang.reflect.Method)[pri:0, instance:com.romanceabroad.ui.RegistrationTests@7e0babb1]" name="setup" is-config="true" duration-ms="18317" started-at="2019-11-17T22:33:43Z" finished-at="2019-11-17T22:34:01Z">
          <params>
            <param index="0">
              <value>
                <![CDATA[ie]]>
              </value>
            </param>
            <param index="1">
              <value>
                <![CDATA[public void com.romanceabroad.ui.RegistrationTests.registrationTestCase9(java.lang.String,java.lang.String,java.lang.String,java.lang.String,java.lang.String,java.lang.String)]]>
              </value>
            </param>
          </params>
          <reporter-output>
          </reporter-output>
        </test-method> <!-- setup -->
        <test-method status="PASS" signature="registrationTestCase9(java.lang.String, java.lang.String, java.lang.String, java.lang.String, java.lang.String, java.lang.String)[pri:0, instance:com.romanceabroad.ui.RegistrationTests@7e0babb1]" name="registrationTestCase9" duration-ms="71184" started-at="2019-11-17T22:34:01Z" data-provider="Registration1" finished-at="2019-11-17T22:35:12Z">
          <params>
            <param index="0">
              <value>
                <![CDATA[oktest@gmail.com]]>
              </value>
            </param>
            <param index="1">
              <value>
                <![CDATA[3603678K]]>
              </value>
            </param>
            <param index="2">
              <value>
                <![CDATA[16]]>
              </value>
            </param>
            <param index="3">
              <value>
                <![CDATA[May]]>
              </value>
            </param>
            <param index="4">
              <value>
                <![CDATA[2001]]>
              </value>
            </param>
            <param index="5">
              <value>
                <![CDATA[8756843759]]>
              </value>
            </param>
          </params>
          <reporter-output>
          </reporter-output>
        </test-method> <!-- registrationTestCase9 -->
        <test-method status="PASS" signature="setup(java.lang.String, java.lang.reflect.Method)[pri:0, instance:com.romanceabroad.ui.RegistrationTests@7e0babb1]" name="setup" is-config="true" duration-ms="15849" started-at="2019-11-17T22:35:12Z" finished-at="2019-11-17T22:35:28Z">
          <params>
            <param index="0">
              <value>
                <![CDATA[ie]]>
              </value>
            </param>
            <param index="1">
              <value>
                <![CDATA[public void com.romanceabroad.ui.RegistrationTests.registrationTestCase9(java.lang.String,java.lang.String,java.lang.String,java.lang.String,java.lang.String,java.lang.String)]]>
              </value>
            </param>
          </params>
          <reporter-output>
          </reporter-output>
        </test-method> <!-- setup -->
        <test-method status="PASS" signature="registrationTestCase9(java.lang.String, java.lang.String, java.lang.String, java.lang.String, java.lang.String, java.lang.String)[pri:0, instance:com.romanceabroad.ui.RegistrationTests@7e0babb1]" name="registrationTestCase9" duration-ms="82771" started-at="2019-11-17T22:35:28Z" data-provider="Registration1" finished-at="2019-11-17T22:36:51Z">
          <params>
            <param index="0">
              <value>
                <![CDATA[test6@gmail.com]]>
              </value>
            </param>
            <param index="1">
              <value>
                <![CDATA[785648090i]]>
              </value>
            </param>
            <param index="2">
              <value>
                <![CDATA[19]]>
              </value>
            </param>
            <param index="3">
              <value>
                <![CDATA[March]]>
              </value>
            </param>
            <param index="4">
              <value>
                <![CDATA[1965]]>
              </value>
            </param>
            <param index="5">
              <value>
                <![CDATA[78754985]]>
              </value>
            </param>
          </params>
          <reporter-output>
          </reporter-output>
        </test-method> <!-- registrationTestCase9 -->
      </class> <!-- com.romanceabroad.ui.RegistrationTests -->
    </test> <!-- IETestCases -->
  </suite> <!-- TestSuite -->
</testng-results>
