<?xml version="1.0" encoding="UTF-8"?>
<!-- Generated by org.testng.reporters.JUnitXMLReporter -->
<testsuite hostname="DESKTOP-TUM767L" ignored="1" name="ChromeTestCases" tests="6" failures="1" timestamp="24 Nov 2019 20:45:18 GMT" time="440.821" errors="0">
  <testcase name="testSearchPageTestCase1" time="9.907" classname="com.romanceabroad.ui.SearchTests"/>
  <testcase name="testAgeDropdownsTestCase3" time="26.511" classname="com.romanceabroad.ui.SearchTests"/>
  <testcase name="testDefaultDropdownTestCase4" time="15.124" classname="com.romanceabroad.ui.SearchTests">
    <failure type="org.openqa.selenium.WebDriverException" message="chrome not reachable
  (Session info: chrome=78.0.3904.108)
Build info: version: &amp;apos;3.141.59&amp;apos;, revision: &amp;apos;e82be7d358&amp;apos;, time: &amp;apos;2018-11-14T08:17:03&amp;apos;
System info: host: &amp;apos;DESKTOP-TUM767L&amp;apos;, ip: &amp;apos;192.168.1.23&amp;apos;, os.name: &amp;apos;Windows 10&amp;apos;, os.arch: &amp;apos;amd64&amp;apos;, os.version: &amp;apos;10.0&amp;apos;, java.version: &amp;apos;1.8.0_191&amp;apos;
Driver info: org.openqa.selenium.chrome.ChromeDriver
Capabilities {acceptInsecureCerts: false, browserName: chrome, browserVersion: 78.0.3904.108, chrome: {chromedriverVersion: 77.0.3865.40 (f484704e052e0..., userDataDir: C:\Users\OJWIND~1\AppData\L...}, goog:chromeOptions: {debuggerAddress: localhost:62041}, javascriptEnabled: true, networkConnectionEnabled: false, pageLoadStrategy: normal, platform: XP, platformName: XP, proxy: Proxy(), setWindowRect: true, strictFileInteractability: false, timeouts: {implicit: 0, pageLoad: 300000, script: 30000}, unhandledPromptBehavior: dismiss and notify}
Session ID: 7fd50f1ad3591102081364b790769667
*** Element info: {Using=xpath, value=//div[@class=&amp;apos;col-xs-5 no-padding-left&amp;apos;]//select[@id=&amp;apos;age_min&amp;apos;]}">
      <![CDATA[org.openqa.selenium.WebDriverException: chrome not reachable
  (Session info: chrome=78.0.3904.108)
Build info: version: '3.141.59', revision: 'e82be7d358', time: '2018-11-14T08:17:03'
System info: host: 'DESKTOP-TUM767L', ip: '192.168.1.23', os.name: 'Windows 10', os.arch: 'amd64', os.version: '10.0', java.version: '1.8.0_191'
Driver info: org.openqa.selenium.chrome.ChromeDriver
Capabilities {acceptInsecureCerts: false, browserName: chrome, browserVersion: 78.0.3904.108, chrome: {chromedriverVersion: 77.0.3865.40 (f484704e052e0..., userDataDir: C:\Users\OJWIND~1\AppData\L...}, goog:chromeOptions: {debuggerAddress: localhost:62041}, javascriptEnabled: true, networkConnectionEnabled: false, pageLoadStrategy: normal, platform: XP, platformName: XP, proxy: Proxy(), setWindowRect: true, strictFileInteractability: false, timeouts: {implicit: 0, pageLoad: 300000, script: 30000}, unhandledPromptBehavior: dismiss and notify}
Session ID: 7fd50f1ad3591102081364b790769667
*** Element info: {Using=xpath, value=//div[@class='col-xs-5 no-padding-left']//select[@id='age_min']}
at org.openqa.selenium.remote.http.W3CHttpResponseCodec.createException(W3CHttpResponseCodec.java:187)
at org.openqa.selenium.remote.http.W3CHttpResponseCodec.decode(W3CHttpResponseCodec.java:122)
at org.openqa.selenium.remote.http.W3CHttpResponseCodec.decode(W3CHttpResponseCodec.java:49)
at org.openqa.selenium.remote.HttpCommandExecutor.execute(HttpCommandExecutor.java:158)
at org.openqa.selenium.remote.service.DriverCommandExecutor.execute(DriverCommandExecutor.java:83)
at org.openqa.selenium.remote.RemoteWebDriver.execute(RemoteWebDriver.java:552)
at org.openqa.selenium.remote.RemoteWebDriver.findElement(RemoteWebDriver.java:323)
at org.openqa.selenium.remote.RemoteWebDriver.findElementByXPath(RemoteWebDriver.java:428)
at org.openqa.selenium.By$ByXPath.findElement(By.java:353)
at org.openqa.selenium.remote.RemoteWebDriver.findElement(RemoteWebDriver.java:315)
at com.romanceabroad.ui.SearchTests.testDefaultDropdownTestCase4(SearchTests.java:49)
... Removed 33 stack frames]]>
    </failure>
  </testcase> <!-- testDefaultDropdownTestCase4 -->
  <testcase name="testDefaultDropdownTestCase4" time="91.339" classname="com.romanceabroad.ui.SearchTests"/>
  <testcase name="testDefaultDropdownTestCase4" time="85.386" classname="com.romanceabroad.ui.SearchTests"/>
  <testcase name="testDefaultDropdownTestCase4" time="11.502" classname="com.romanceabroad.ui.SearchTests"/>
  <testcase name="testDefaultDropdownTestCase2" time="0.0" classname="com.romanceabroad.ui.SearchTests">
    <ignored/>
  </testcase> <!-- testDefaultDropdownTestCase2 -->
</testsuite> <!-- ChromeTestCases -->
